[2023-04-07 20:37:06.534] [INFO ] [main] com.springboot.hello.HelloApplication Starting HelloApplication using Java 11.0.18 on vultrcode-server with PID 1534069 (/home/programming/SpringBootPractice/hello/target/classes started by root in /home/programming/SpringBootPractice/hello)
[2023-04-07 20:37:06.568] [INFO ] [main] com.springboot.hello.HelloApplication No active profile set, falling back to 1 default profile: "default"
[2023-04-07 20:37:07.841] [INFO ] [main] org.springframework.boot.web.embedded.tomcat.TomcatWebServer Tomcat initialized with port(s): 8080 (http)
[2023-04-07 20:37:07.861] [INFO ] [main] org.apache.coyote.http11.Http11NioProtocol Initializing ProtocolHandler ["http-nio-8080"]
[2023-04-07 20:37:07.862] [INFO ] [main] org.apache.catalina.core.StandardService Starting service [Tomcat]
[2023-04-07 20:37:07.864] [INFO ] [main] org.apache.catalina.core.StandardEngine Starting Servlet engine: [Apache Tomcat/9.0.73]
[2023-04-07 20:37:08.010] [INFO ] [main] org.apache.catalina.core.ContainerBase.[Tomcat].[localhost].[/] Initializing Spring embedded WebApplicationContext
[2023-04-07 20:37:08.012] [INFO ] [main] org.springframework.boot.web.servlet.context.ServletWebServerApplicationContext Root WebApplicationContext: initialization completed in 1306 ms
[2023-04-07 20:37:08.446] [INFO ] [main] org.apache.coyote.http11.Http11NioProtocol Starting ProtocolHandler ["http-nio-8080"]
[2023-04-07 20:37:08.473] [INFO ] [main] org.springframework.boot.web.embedded.tomcat.TomcatWebServer Tomcat started on port(s): 8080 (http) with context path ''
[2023-04-07 20:37:08.488] [INFO ] [main] com.springboot.hello.HelloApplication Started HelloApplication in 2.631 seconds (JVM running for 3.059)
[2023-04-07 20:38:09.228] [INFO ] [http-nio-8080-exec-1] org.apache.catalina.core.ContainerBase.[Tomcat].[localhost].[/] Initializing Spring DispatcherServlet 'dispatcherServlet'
[2023-04-07 20:38:09.231] [INFO ] [http-nio-8080-exec-1] org.springframework.web.servlet.DispatcherServlet Initializing Servlet 'dispatcherServlet'
[2023-04-07 20:38:09.233] [INFO ] [http-nio-8080-exec-1] org.springframework.web.servlet.DispatcherServlet Completed initialization in 1 ms
[2023-04-07 20:38:36.119] [INFO ] [http-nio-8080-exec-3] com.springboot.hello.controller.GetController getHello 메서드가 호출되었습니다.
[2023-04-07 20:39:19.884] [INFO ] [http-nio-8080-exec-6] com.springboot.hello.controller.GetController getName 메서드가 호출되었습니다.
[2023-04-07 20:41:39.984] [INFO ] [main] com.springboot.hello.HelloApplication Starting HelloApplication using Java 11.0.18 on vultrcode-server with PID 1535713 (/home/programming/SpringBootPractice/hello/target/classes started by root in /home/programming/SpringBootPractice/hello)
[2023-04-07 20:41:39.988] [INFO ] [main] com.springboot.hello.HelloApplication No active profile set, falling back to 1 default profile: "default"
[2023-04-07 20:41:41.530] [INFO ] [main] org.springframework.boot.web.embedded.tomcat.TomcatWebServer Tomcat initialized with port(s): 8080 (http)
[2023-04-07 20:41:41.552] [INFO ] [main] org.apache.coyote.http11.Http11NioProtocol Initializing ProtocolHandler ["http-nio-8080"]
[2023-04-07 20:41:41.554] [INFO ] [main] org.apache.catalina.core.StandardService Starting service [Tomcat]
[2023-04-07 20:41:41.555] [INFO ] [main] org.apache.catalina.core.StandardEngine Starting Servlet engine: [Apache Tomcat/9.0.73]
[2023-04-07 20:41:41.823] [INFO ] [main] org.apache.catalina.core.ContainerBase.[Tomcat].[localhost].[/] Initializing Spring embedded WebApplicationContext
[2023-04-07 20:41:41.830] [INFO ] [main] org.springframework.boot.web.servlet.context.ServletWebServerApplicationContext Root WebApplicationContext: initialization completed in 1657 ms
[2023-04-07 20:41:42.350] [INFO ] [main] org.apache.coyote.http11.Http11NioProtocol Starting ProtocolHandler ["http-nio-8080"]
[2023-04-07 20:41:42.378] [INFO ] [main] org.springframework.boot.web.embedded.tomcat.TomcatWebServer Tomcat started on port(s): 8080 (http) with context path ''
[2023-04-07 20:41:42.395] [INFO ] [main] com.springboot.hello.HelloApplication Started HelloApplication in 3.139 seconds (JVM running for 3.606)
[2023-04-07 20:55:17.607] [INFO ] [http-nio-8080-exec-1] org.apache.catalina.core.ContainerBase.[Tomcat].[localhost].[/] Initializing Spring DispatcherServlet 'dispatcherServlet'
[2023-04-07 20:55:17.612] [INFO ] [http-nio-8080-exec-1] org.springframework.web.servlet.DispatcherServlet Initializing Servlet 'dispatcherServlet'
[2023-04-07 20:55:17.615] [INFO ] [http-nio-8080-exec-1] org.springframework.web.servlet.DispatcherServlet Completed initialization in 3 ms
[2023-04-07 20:55:17.648] [INFO ] [http-nio-8080-exec-1] com.springboot.hello.controller.GetController @PathVariable을 통해 들어온 값 : testvar
